Proyecto/app/build/intermediates/manifest_merge_blame_file/debug/manifest-merger-blame-debug-report.txt
1<?xml version="1.0" encoding="utf-8"?>
2<manifest xmlns:android="http://schemas.android.com/apk/res/android"
3    package="com.plcoding.spotifycloneyt"
4    android:versionCode="1"
5    android:versionName="1.0" >
6
7    <uses-sdk
8        android:minSdkVersion="21"
8-->src\main\AndroidManifest.xml
9        android:targetSdkVersion="30" />
9-->src\main\AndroidManifest.xml
10
11    <uses-permission android:name="android.permission.INTERNET" />
11-->src\main\AndroidManifest.xml:5:5-67
11-->src\main\AndroidManifest.xml:5:22-64
12    <uses-permission android:name="android.permission.FOREGROUND_SERVICE" />
12-->src\main\AndroidManifest.xml:6:5-77
12-->src\main\AndroidManifest.xml:6:22-74
13    <uses-permission android:name="android.permission.ACCESS_NETWORK_STATE" />
13-->[com.google.android.exoplayer:exoplayer-core:2.11.8] AndroidManifest.xml:24:5-79
13-->[com.google.android.exoplayer:exoplayer-core:2.11.8] AndroidManifest.xml:24:22-76
14    <uses-permission android:name="android.permission.WAKE_LOCK" />
14-->[com.google.android.gms:play-services-measurement-api:19.0.0] AndroidManifest.xml:24:5-68
14-->[com.google.android.gms:play-services-measurement-api:19.0.0] AndroidManifest.xml:24:22-65
15    <uses-permission android:name="com.google.android.finsky.permission.BIND_GET_INSTALL_REFERRER_SERVICE" />
15-->[com.google.android.gms:play-services-measurement:19.0.0] AndroidManifest.xml:26:5-110
15-->[com.google.android.gms:play-services-measurement:19.0.0] AndroidManifest.xml:26:22-107
16    <uses-permission android:name="android.permission.WRITE_EXTERNAL_STORAGE" />
17    <uses-permission android:name="android.permission.READ_PHONE_STATE" />
18    <uses-permission android:name="android.permission.READ_EXTERNAL_STORAGE" />
19
20    <application
20-->src\main\AndroidManifest.xml:8:5-37:19
21        android:name="com.plcoding.spotifycloneyt.SpotifyApplication"
21-->src\main\AndroidManifest.xml:9:9-43
22        android:allowBackup="true"
22-->src\main\AndroidManifest.xml:10:9-35
23        android:appComponentFactory="androidx.core.app.CoreComponentFactory"
23-->[androidx.core:core:1.3.1] AndroidManifest.xml:24:18-86
24        android:debuggable="true"
25        android:icon="@mipmap/ic_launcher"
25-->src\main\AndroidManifest.xml:11:9-43
26        android:label="@string/app_name"
26-->src\main\AndroidManifest.xml:12:9-41
27        android:roundIcon="@mipmap/ic_launcher_round"
27-->src\main\AndroidManifest.xml:13:9-54
28        android:supportsRtl="true"
28-->src\main\AndroidManifest.xml:14:9-35
29        android:testOnly="true"
30        android:theme="@style/AppTheme" >
30-->src\main\AndroidManifest.xml:15:9-40
31        <service android:name="com.plcoding.spotifycloneyt.exoplayer.MusicService" >
31-->src\main\AndroidManifest.xml:16:9-20:19
31-->src\main\AndroidManifest.xml:16:18-56
32            <intent-filter>
32-->src\main\AndroidManifest.xml:17:13-19:29
33                <action android:name="android.media.browse.MediaBrowserService" />
33-->src\main\AndroidManifest.xml:18:17-83
33-->src\main\AndroidManifest.xml:18:25-80
34            </intent-filter>
35        </service>
36
37        <activity android:name="com.plcoding.spotifycloneyt.ui.MainActivity" >
37-->src\main\AndroidManifest.xml:21:9-23:20
37-->src\main\AndroidManifest.xml:21:19-50
38        </activity>
39        <activity android:name="com.plcoding.spotifycloneyt.Login" >
39-->src\main\AndroidManifest.xml:24:9-26:20
39-->src\main\AndroidManifest.xml:24:19-40
40        </activity>
41        <activity android:name="com.plcoding.spotifycloneyt.Inicio" >
41-->src\main\AndroidManifest.xml:27:9-33:20
41-->src\main\AndroidManifest.xml:27:19-41
42            <intent-filter>
42-->src\main\AndroidManifest.xml:28:13-32:29
43                <action android:name="android.intent.action.MAIN" />
43-->src\main\AndroidManifest.xml:29:17-69
43-->src\main\AndroidManifest.xml:29:25-66
44
45                <category android:name="android.intent.category.LAUNCHER" />
45-->src\main\AndroidManifest.xml:31:17-77
45-->src\main\AndroidManifest.xml:31:27-74
46            </intent-filter>
47        </activity>
48        <activity android:name="com.plcoding.spotifycloneyt.BottomNavigationMenu" >
48-->src\main\AndroidManifest.xml:34:9-36:20
48-->src\main\AndroidManifest.xml:34:19-55
49        </activity>
50
51        <service
51-->[com.google.firebase:firebase-firestore-ktx:23.0.3] AndroidManifest.xml:12:9-18:19
52            android:name="com.google.firebase.components.ComponentDiscoveryService"
52-->[com.google.firebase:firebase-firestore-ktx:23.0.3] AndroidManifest.xml:13:13-84
53            android:directBootAware="true"
53-->[com.google.firebase:firebase-common:20.0.0] AndroidManifest.xml:35:13-43
54            android:exported="false" >
54-->[com.google.firebase:firebase-firestore-ktx:23.0.3] AndroidManifest.xml:14:13-37
55            <meta-data
55-->[com.google.firebase:firebase-firestore-ktx:23.0.3] AndroidManifest.xml:15:13-17:85
56                android:name="com.google.firebase.components:com.google.firebase.firestore.ktx.FirebaseFirestoreKtxRegistrar"
56-->[com.google.firebase:firebase-firestore-ktx:23.0.3] AndroidManifest.xml:16:17-126
57                android:value="com.google.firebase.components.ComponentRegistrar" />
57-->[com.google.firebase:firebase-firestore-ktx:23.0.3] AndroidManifest.xml:17:17-82
58            <meta-data
58-->[com.google.firebase:firebase-auth-ktx:21.0.1] AndroidManifest.xml:11:13-13:85
59                android:name="com.google.firebase.components:com.google.firebase.auth.ktx.FirebaseAuthKtxRegistrar"
59-->[com.google.firebase:firebase-auth-ktx:21.0.1] AndroidManifest.xml:12:17-116
60                android:value="com.google.firebase.components.ComponentRegistrar" />
60-->[com.google.firebase:firebase-auth-ktx:21.0.1] AndroidManifest.xml:13:17-82
61            <meta-data
61-->[com.google.firebase:firebase-storage-ktx:20.0.0] AndroidManifest.xml:15:13-17:85
62                android:name="com.google.firebase.components:com.google.firebase.storage.ktx.FirebaseStorageKtxRegistrar"
62-->[com.google.firebase:firebase-storage-ktx:20.0.0] AndroidManifest.xml:16:17-122
63                android:value="com.google.firebase.components.ComponentRegistrar" />
63-->[com.google.firebase:firebase-storage-ktx:20.0.0] AndroidManifest.xml:17:17-82
64            <meta-data
64-->[com.google.firebase:firebase-analytics-ktx:19.0.0] AndroidManifest.xml:11:13-13:85
65                android:name="com.google.firebase.components:com.google.firebase.analytics.ktx.FirebaseAnalyticsKtxRegistrar"
65-->[com.google.firebase:firebase-analytics-ktx:19.0.0] AndroidManifest.xml:12:17-126
66                android:value="com.google.firebase.components.ComponentRegistrar" />
66-->[com.google.firebase:firebase-analytics-ktx:19.0.0] AndroidManifest.xml:13:17-82
67            <meta-data
67-->[com.google.firebase:firebase-common-ktx:20.0.0] AndroidManifest.xml:15:13-17:85
68                android:name="com.google.firebase.components:com.google.firebase.ktx.FirebaseCommonKtxRegistrar"
68-->[com.google.firebase:firebase-common-ktx:20.0.0] AndroidManifest.xml:16:17-113
69                android:value="com.google.firebase.components.ComponentRegistrar" />
69-->[com.google.firebase:firebase-common-ktx:20.0.0] AndroidManifest.xml:17:17-82
70            <meta-data
70-->[com.google.firebase:firebase-auth:21.0.1] AndroidManifest.xml:77:13-79:85
71                android:name="com.google.firebase.components:com.google.firebase.auth.FirebaseAuthRegistrar"
71-->[com.google.firebase:firebase-auth:21.0.1] AndroidManifest.xml:78:17-109
72                android:value="com.google.firebase.components.ComponentRegistrar" />
72-->[com.google.firebase:firebase-auth:21.0.1] AndroidManifest.xml:79:17-82
73            <meta-data
73-->[com.google.firebase:firebase-firestore:23.0.3] AndroidManifest.xml:20:13-22:85
74                android:name="com.google.firebase.components:com.google.firebase.firestore.FirestoreRegistrar"
74-->[com.google.firebase:firebase-firestore:23.0.3] AndroidManifest.xml:21:17-111
75                android:value="com.google.firebase.components.ComponentRegistrar" />
75-->[com.google.firebase:firebase-firestore:23.0.3] AndroidManifest.xml:22:17-82
76            <meta-data
76-->[com.google.firebase:firebase-storage:20.0.0] AndroidManifest.xml:33:13-35:85
77                android:name="com.google.firebase.components:com.google.firebase.storage.StorageRegistrar"
77-->[com.google.firebase:firebase-storage:20.0.0] AndroidManifest.xml:34:17-107
78                android:value="com.google.firebase.components.ComponentRegistrar" />
78-->[com.google.firebase:firebase-storage:20.0.0] AndroidManifest.xml:35:17-82
79            <meta-data
79-->[com.google.android.gms:play-services-measurement-api:19.0.0] AndroidManifest.xml:30:13-32:85
80                android:name="com.google.firebase.components:com.google.firebase.analytics.connector.internal.AnalyticsConnectorRegistrar"
80-->[com.google.android.gms:play-services-measurement-api:19.0.0] AndroidManifest.xml:31:17-139
81                android:value="com.google.firebase.components.ComponentRegistrar" />
81-->[com.google.android.gms:play-services-measurement-api:19.0.0] AndroidManifest.xml:32:17-82
82            <meta-data
82-->[com.google.firebase:firebase-installations:17.0.0] AndroidManifest.xml:18:13-20:85
83                android:name="com.google.firebase.components:com.google.firebase.installations.FirebaseInstallationsRegistrar"
83-->[com.google.firebase:firebase-installations:17.0.0] AndroidManifest.xml:19:17-127
84                android:value="com.google.firebase.components.ComponentRegistrar" />
84-->[com.google.firebase:firebase-installations:17.0.0] AndroidManifest.xml:20:17-82
85        </service>
86
87        <meta-data
87-->[com.firebaseui:firebase-ui-auth:6.4.0] AndroidManifest.xml:16:9-18:69
88            android:name="com.google.android.gms.version"
88-->[com.firebaseui:firebase-ui-auth:6.4.0] AndroidManifest.xml:17:13-58
89            android:value="@integer/google_play_services_version" />
89-->[com.firebaseui:firebase-ui-auth:6.4.0] AndroidManifest.xml:18:13-66
90        <meta-data
90-->[com.firebaseui:firebase-ui-auth:6.4.0] AndroidManifest.xml:19:9-21:63
91            android:name="com.facebook.sdk.ApplicationId"
91-->[com.firebaseui:firebase-ui-auth:6.4.0] AndroidManifest.xml:20:13-58
92            android:value="@string/facebook_application_id" />
92-->[com.firebaseui:firebase-ui-auth:6.4.0] AndroidManifest.xml:21:13-60
93
94        <activity
94-->[com.firebaseui:firebase-ui-auth:6.4.0] AndroidManifest.xml:23:9-27:61
95            android:name="com.firebase.ui.auth.KickoffActivity"
95-->[com.firebaseui:firebase-ui-auth:6.4.0] AndroidManifest.xml:24:13-64
96            android:exported="false"
96-->[com.firebaseui:firebase-ui-auth:6.4.0] AndroidManifest.xml:25:13-37
97            android:label=""
97-->[com.firebaseui:firebase-ui-auth:6.4.0] AndroidManifest.xml:26:13-29
98            android:theme="@style/FirebaseUI.Transparent" />
98-->[com.firebaseui:firebase-ui-auth:6.4.0] AndroidManifest.xml:27:13-58
99        <activity
99-->[com.firebaseui:firebase-ui-auth:6.4.0] AndroidManifest.xml:28:9-32:61
100            android:name="com.firebase.ui.auth.ui.idp.SingleSignInActivity"
100-->[com.firebaseui:firebase-ui-auth:6.4.0] AndroidManifest.xml:29:13-76
101            android:exported="false"
101-->[com.firebaseui:firebase-ui-auth:6.4.0] AndroidManifest.xml:30:13-37
102            android:label=""
102-->[com.firebaseui:firebase-ui-auth:6.4.0] AndroidManifest.xml:31:13-29
103            android:theme="@style/FirebaseUI.Transparent" />
103-->[com.firebaseui:firebase-ui-auth:6.4.0] AndroidManifest.xml:32:13-58
104        <activity
104-->[com.firebaseui:firebase-ui-auth:6.4.0] AndroidManifest.xml:33:9-37:61
105            android:name="com.firebase.ui.auth.ui.credentials.CredentialSaveActivity"
105-->[com.firebaseui:firebase-ui-auth:6.4.0] AndroidManifest.xml:34:13-86
106            android:exported="false"
106-->[com.firebaseui:firebase-ui-auth:6.4.0] AndroidManifest.xml:35:13-37
107            android:label=""
107-->[com.firebaseui:firebase-ui-auth:6.4.0] AndroidManifest.xml:36:13-29
108            android:theme="@style/FirebaseUI.Transparent" />
108-->[com.firebaseui:firebase-ui-auth:6.4.0] AndroidManifest.xml:37:13-58
109        <activity
109-->[com.firebaseui:firebase-ui-auth:6.4.0] AndroidManifest.xml:38:9-42:58
110            android:name="com.firebase.ui.auth.ui.email.RecoverPasswordActivity"
110-->[com.firebaseui:firebase-ui-auth:6.4.0] AndroidManifest.xml:39:13-81
111            android:exported="false"
111-->[com.firebaseui:firebase-ui-auth:6.4.0] AndroidManifest.xml:40:13-37
112            android:label="@string/fui_title_recover_password_activity"
112-->[com.firebaseui:firebase-ui-auth:6.4.0] AndroidManifest.xml:41:13-72
113            android:windowSoftInputMode="adjustResize" />
113-->[com.firebaseui:firebase-ui-auth:6.4.0] AndroidManifest.xml:42:13-55
114        <activity
114-->[com.firebaseui:firebase-ui-auth:6.4.0] AndroidManifest.xml:43:9-47:58
115            android:name="com.firebase.ui.auth.ui.email.EmailActivity"
115-->[com.firebaseui:firebase-ui-auth:6.4.0] AndroidManifest.xml:44:13-71
116            android:exported="false"
116-->[com.firebaseui:firebase-ui-auth:6.4.0] AndroidManifest.xml:45:13-37
117            android:label="@string/fui_sign_in_default"
117-->[com.firebaseui:firebase-ui-auth:6.4.0] AndroidManifest.xml:46:13-56
118            android:windowSoftInputMode="adjustResize" />
118-->[com.firebaseui:firebase-ui-auth:6.4.0] AndroidManifest.xml:47:13-55
119        <activity
119-->[com.firebaseui:firebase-ui-auth:6.4.0] AndroidManifest.xml:48:9-52:77
120            android:name="com.firebase.ui.auth.ui.phone.PhoneActivity"
120-->[com.firebaseui:firebase-ui-auth:6.4.0] AndroidManifest.xml:49:13-71
121            android:exported="false"
121-->[com.firebaseui:firebase-ui-auth:6.4.0] AndroidManifest.xml:50:13-37
122            android:label="@string/fui_sign_in_with_phone_number"
122-->[com.firebaseui:firebase-ui-auth:6.4.0] AndroidManifest.xml:51:13-66
123            android:windowSoftInputMode="adjustResize|stateAlwaysVisible" />
123-->[com.firebaseui:firebase-ui-auth:6.4.0] AndroidManifest.xml:52:13-74
124        <activity
124-->[com.firebaseui:firebase-ui-auth:6.4.0] AndroidManifest.xml:53:9-57:58
125            android:name="com.firebase.ui.auth.ui.idp.WelcomeBackIdpPrompt"
125-->[com.firebaseui:firebase-ui-auth:6.4.0] AndroidManifest.xml:54:13-76
126            android:exported="false"
126-->[com.firebaseui:firebase-ui-auth:6.4.0] AndroidManifest.xml:55:13-37
127            android:label="@string/fui_title_welcome_back_idp_prompt"
127-->[com.firebaseui:firebase-ui-auth:6.4.0] AndroidManifest.xml:56:13-70
128            android:windowSoftInputMode="adjustResize" />
128-->[com.firebaseui:firebase-ui-auth:6.4.0] AndroidManifest.xml:57:13-55
129        <activity
129-->[com.firebaseui:firebase-ui-auth:6.4.0] AndroidManifest.xml:58:9-62:58
130            android:name="com.firebase.ui.auth.ui.email.WelcomeBackPasswordPrompt"
130-->[com.firebaseui:firebase-ui-auth:6.4.0] AndroidManifest.xml:59:13-83
131            android:exported="false"
131-->[com.firebaseui:firebase-ui-auth:6.4.0] AndroidManifest.xml:60:13-37
132            android:label="@string/fui_title_welcome_back_password_prompt"
132-->[com.firebaseui:firebase-ui-auth:6.4.0] AndroidManifest.xml:61:13-75
133            android:windowSoftInputMode="adjustResize" />
133-->[com.firebaseui:firebase-ui-auth:6.4.0] AndroidManifest.xml:62:13-55
134        <activity
134-->[com.firebaseui:firebase-ui-auth:6.4.0] AndroidManifest.xml:63:9-67:58
135            android:name="com.firebase.ui.auth.ui.email.WelcomeBackEmailLinkPrompt"
135-->[com.firebaseui:firebase-ui-auth:6.4.0] AndroidManifest.xml:64:13-84
136            android:exported="false"
136-->[com.firebaseui:firebase-ui-auth:6.4.0] AndroidManifest.xml:65:13-37
137            android:label="@string/fui_title_welcome_back_password_prompt"
137-->[com.firebaseui:firebase-ui-auth:6.4.0] AndroidManifest.xml:66:13-75
138            android:windowSoftInputMode="adjustResize" />
138-->[com.firebaseui:firebase-ui-auth:6.4.0] AndroidManifest.xml:67:13-55
139        <activity
139-->[com.firebaseui:firebase-ui-auth:6.4.0] AndroidManifest.xml:68:9-73:58
140            android:name="com.firebase.ui.auth.ui.email.EmailLinkCatcherActivity"
140-->[com.firebaseui:firebase-ui-auth:6.4.0] AndroidManifest.xml:69:13-82
141            android:exported="false"
141-->[com.firebaseui:firebase-ui-auth:6.4.0] AndroidManifest.xml:70:13-37
142            android:label=""
142-->[com.firebaseui:firebase-ui-auth:6.4.0] AndroidManifest.xml:71:13-29
143            android:theme="@style/FirebaseUI.Transparent"
143-->[com.firebaseui:firebase-ui-auth:6.4.0] AndroidManifest.xml:72:13-58
144            android:windowSoftInputMode="adjustResize" />
144-->[com.firebaseui:firebase-ui-auth:6.4.0] AndroidManifest.xml:73:13-55
145        <activity
145-->[com.firebaseui:firebase-ui-auth:6.4.0] AndroidManifest.xml:74:9-78:58
146            android:name="com.firebase.ui.auth.ui.email.EmailLinkErrorRecoveryActivity"
146-->[com.firebaseui:firebase-ui-auth:6.4.0] AndroidManifest.xml:75:13-88
147            android:exported="false"
147-->[com.firebaseui:firebase-ui-auth:6.4.0] AndroidManifest.xml:76:13-37
148            android:label="@string/fui_sign_in_default"
148-->[com.firebaseui:firebase-ui-auth:6.4.0] AndroidManifest.xml:77:13-56
149            android:windowSoftInputMode="adjustResize" />
149-->[com.firebaseui:firebase-ui-auth:6.4.0] AndroidManifest.xml:78:13-55
150        <activity
150-->[com.firebaseui:firebase-ui-auth:6.4.0] AndroidManifest.xml:79:9-82:65
151            android:name="com.firebase.ui.auth.ui.idp.AuthMethodPickerActivity"
151-->[com.firebaseui:firebase-ui-auth:6.4.0] AndroidManifest.xml:80:13-80
152            android:exported="false"
152-->[com.firebaseui:firebase-ui-auth:6.4.0] AndroidManifest.xml:81:13-37
153            android:label="@string/fui_default_toolbar_title" />
153-->[com.firebaseui:firebase-ui-auth:6.4.0] AndroidManifest.xml:82:13-62
154        <activity
154-->[com.firebaseui:firebase-ui-auth:6.4.0] AndroidManifest.xml:83:9-87:48
155            android:name="com.facebook.FacebookActivity"
155-->[com.firebaseui:firebase-ui-auth:6.4.0] AndroidManifest.xml:84:13-57
156            android:configChanges="keyboard|keyboardHidden|screenLayout|screenSize|orientation"
156-->[com.firebaseui:firebase-ui-auth:6.4.0] AndroidManifest.xml:85:13-96
157            android:label="@string/app_name" />
157-->[com.firebaseui:firebase-ui-auth:6.4.0] AndroidManifest.xml:86:13-45
158        <activity
158-->[com.firebaseui:firebase-ui-auth:6.4.0] AndroidManifest.xml:88:9-100:20
159            android:name="com.facebook.CustomTabActivity"
159-->[com.firebaseui:firebase-ui-auth:6.4.0] AndroidManifest.xml:89:13-58
160            android:exported="true" >
160-->[com.firebaseui:firebase-ui-auth:6.4.0] AndroidManifest.xml:90:13-36
161            <intent-filter>
161-->[com.firebaseui:firebase-ui-auth:6.4.0] AndroidManifest.xml:92:13-99:29
162                <action android:name="android.intent.action.VIEW" />
162-->[com.firebaseui:firebase-ui-auth:6.4.0] AndroidManifest.xml:93:17-69
162-->[com.firebaseui:firebase-ui-auth:6.4.0] AndroidManifest.xml:93:25-66
163
164                <category android:name="android.intent.category.DEFAULT" />
164-->[com.firebaseui:firebase-ui-auth:6.4.0] AndroidManifest.xml:95:17-76
164-->[com.firebaseui:firebase-ui-auth:6.4.0] AndroidManifest.xml:95:27-73
165                <category android:name="android.intent.category.BROWSABLE" />
165-->[com.firebaseui:firebase-ui-auth:6.4.0] AndroidManifest.xml:96:17-78
165-->[com.firebaseui:firebase-ui-auth:6.4.0] AndroidManifest.xml:96:27-75
166
167                <data android:scheme="@string/facebook_login_protocol_scheme" />
167-->[com.firebaseui:firebase-ui-auth:6.4.0] AndroidManifest.xml:98:17-81
167-->[com.firebaseui:firebase-ui-auth:6.4.0] AndroidManifest.xml:98:23-78
168            </intent-filter>
169        </activity>
170
171        <provider
171-->[com.firebaseui:firebase-ui-auth:6.4.0] AndroidManifest.xml:102:9-106:38
172            android:name="com.firebase.ui.auth.data.client.AuthUiInitProvider"
172-->[com.firebaseui:firebase-ui-auth:6.4.0] AndroidManifest.xml:103:13-79
173            android:authorities="com.plcoding.spotifycloneyt.authuiinitprovider"
173-->[com.firebaseui:firebase-ui-auth:6.4.0] AndroidManifest.xml:104:13-70
174            android:exported="false"
174-->[com.firebaseui:firebase-ui-auth:6.4.0] AndroidManifest.xml:105:13-37
175            android:initOrder="90" />
175-->[com.firebaseui:firebase-ui-auth:6.4.0] AndroidManifest.xml:106:13-35
176
177        <activity
177-->[com.google.firebase:firebase-auth:21.0.1] AndroidManifest.xml:27:9-44:20
178            android:name="com.google.firebase.auth.internal.GenericIdpActivity"
178-->[com.google.firebase:firebase-auth:21.0.1] AndroidManifest.xml:28:13-80
179            android:excludeFromRecents="true"
179-->[com.google.firebase:firebase-auth:21.0.1] AndroidManifest.xml:29:13-46
180            android:exported="true"
180-->[com.google.firebase:firebase-auth:21.0.1] AndroidManifest.xml:30:13-36
181            android:launchMode="singleTask"
181-->[com.google.firebase:firebase-auth:21.0.1] AndroidManifest.xml:31:13-44
182            android:theme="@android:style/Theme.Translucent.NoTitleBar" >
182-->[com.google.firebase:firebase-auth:21.0.1] AndroidManifest.xml:32:13-72
183            <intent-filter>
183-->[com.google.firebase:firebase-auth:21.0.1] AndroidManifest.xml:33:13-43:29
184                <action android:name="android.intent.action.VIEW" />
184-->[com.firebaseui:firebase-ui-auth:6.4.0] AndroidManifest.xml:93:17-69
184-->[com.firebaseui:firebase-ui-auth:6.4.0] AndroidManifest.xml:93:25-66
185
186                <category android:name="android.intent.category.DEFAULT" />
186-->[com.firebaseui:firebase-ui-auth:6.4.0] AndroidManifest.xml:95:17-76
186-->[com.firebaseui:firebase-ui-auth:6.4.0] AndroidManifest.xml:95:27-73
187                <category android:name="android.intent.category.BROWSABLE" />
187-->[com.firebaseui:firebase-ui-auth:6.4.0] AndroidManifest.xml:96:17-78
187-->[com.firebaseui:firebase-ui-auth:6.4.0] AndroidManifest.xml:96:27-75
188
189                <data
189-->[com.firebaseui:firebase-ui-auth:6.4.0] AndroidManifest.xml:98:17-81
190                    android:host="firebase.auth"
191                    android:path="/"
192                    android:scheme="genericidp" />
192-->[com.firebaseui:firebase-ui-auth:6.4.0] AndroidManifest.xml:98:23-78
193            </intent-filter>
194        </activity>
195        <activity
195-->[com.google.firebase:firebase-auth:21.0.1] AndroidManifest.xml:45:9-62:20
196            android:name="com.google.firebase.auth.internal.RecaptchaActivity"
196-->[com.google.firebase:firebase-auth:21.0.1] AndroidManifest.xml:46:13-79
197            android:excludeFromRecents="true"
197-->[com.google.firebase:firebase-auth:21.0.1] AndroidManifest.xml:47:13-46
198            android:exported="true"
198-->[com.google.firebase:firebase-auth:21.0.1] AndroidManifest.xml:48:13-36
199            android:launchMode="singleTask"
199-->[com.google.firebase:firebase-auth:21.0.1] AndroidManifest.xml:49:13-44
200            android:theme="@android:style/Theme.Translucent.NoTitleBar" >
200-->[com.google.firebase:firebase-auth:21.0.1] AndroidManifest.xml:50:13-72
201            <intent-filter>
201-->[com.google.firebase:firebase-auth:21.0.1] AndroidManifest.xml:51:13-61:29
202                <action android:name="android.intent.action.VIEW" />
202-->[com.firebaseui:firebase-ui-auth:6.4.0] AndroidManifest.xml:93:17-69
202-->[com.firebaseui:firebase-ui-auth:6.4.0] AndroidManifest.xml:93:25-66
203
204                <category android:name="android.intent.category.DEFAULT" />
204-->[com.firebaseui:firebase-ui-auth:6.4.0] AndroidManifest.xml:95:17-76
204-->[com.firebaseui:firebase-ui-auth:6.4.0] AndroidManifest.xml:95:27-73
205                <category android:name="android.intent.category.BROWSABLE" />
205-->[com.firebaseui:firebase-ui-auth:6.4.0] AndroidManifest.xml:96:17-78
205-->[com.firebaseui:firebase-ui-auth:6.4.0] AndroidManifest.xml:96:27-75
206
207                <data
207-->[com.firebaseui:firebase-ui-auth:6.4.0] AndroidManifest.xml:98:17-81
208                    android:host="firebase.auth"
209                    android:path="/"
210                    android:scheme="recaptcha" />
210-->[com.firebaseui:firebase-ui-auth:6.4.0] AndroidManifest.xml:98:23-78
211            </intent-filter>
212        </activity>
213
214        <service
214-->[com.google.firebase:firebase-auth:21.0.1] AndroidManifest.xml:64:9-73:19
215            android:name="com.google.firebase.auth.api.fallback.service.FirebaseAuthFallbackService"
215-->[com.google.firebase:firebase-auth:21.0.1] AndroidManifest.xml:65:13-101
216            android:enabled="true"
216-->[com.google.firebase:firebase-auth:21.0.1] AndroidManifest.xml:66:13-35
217            android:exported="false" >
217-->[com.google.firebase:firebase-auth:21.0.1] AndroidManifest.xml:67:13-37
218            <intent-filter>
218-->[com.google.firebase:firebase-auth:21.0.1] AndroidManifest.xml:68:13-72:29
219                <action android:name="com.google.firebase.auth.api.gms.service.START" />
219-->[com.google.firebase:firebase-auth:21.0.1] AndroidManifest.xml:69:17-89
219-->[com.google.firebase:firebase-auth:21.0.1] AndroidManifest.xml:69:25-86
220
221                <category android:name="android.intent.category.DEFAULT" />
221-->[com.firebaseui:firebase-ui-auth:6.4.0] AndroidManifest.xml:95:17-76
221-->[com.firebaseui:firebase-ui-auth:6.4.0] AndroidManifest.xml:95:27-73
222            </intent-filter>
223        </service>
224
225        <activity
225-->[com.google.android.gms:play-services-auth:17.0.0] AndroidManifest.xml:23:9-27:75
226            android:name="com.google.android.gms.auth.api.signin.internal.SignInHubActivity"
226-->[com.google.android.gms:play-services-auth:17.0.0] AndroidManifest.xml:24:13-93
227            android:excludeFromRecents="true"
227-->[com.google.android.gms:play-services-auth:17.0.0] AndroidManifest.xml:25:13-46
228            android:exported="false"
228-->[com.google.android.gms:play-services-auth:17.0.0] AndroidManifest.xml:26:13-37
229            android:theme="@android:style/Theme.Translucent.NoTitleBar" />
229-->[com.google.android.gms:play-services-auth:17.0.0] AndroidManifest.xml:27:13-72
230        <!--
231            Service handling Google Sign-In user revocation. For apps that do not integrate with
232            Google Sign-In, this service will never be started.
233        -->
234        <service
234-->[com.google.android.gms:play-services-auth:17.0.0] AndroidManifest.xml:33:9-36:110
235            android:name="com.google.android.gms.auth.api.signin.RevocationBoundService"
235-->[com.google.android.gms:play-services-auth:17.0.0] AndroidManifest.xml:34:13-89
236            android:exported="true"
236-->[com.google.android.gms:play-services-auth:17.0.0] AndroidManifest.xml:35:13-36
237            android:permission="com.google.android.gms.auth.api.signin.permission.REVOCATION_NOTIFICATION" />
237-->[com.google.android.gms:play-services-auth:17.0.0] AndroidManifest.xml:36:13-107
238
239        <activity
239-->[com.google.android.gms:play-services-base:17.1.0] AndroidManifest.xml:23:9-26:75
240            android:name="com.google.android.gms.common.api.GoogleApiActivity"
240-->[com.google.android.gms:play-services-base:17.1.0] AndroidManifest.xml:24:13-79
241            android:exported="false"
241-->[com.google.android.gms:play-services-base:17.1.0] AndroidManifest.xml:25:13-37
242            android:theme="@android:style/Theme.Translucent.NoTitleBar" />
242-->[com.google.android.gms:play-services-base:17.1.0] AndroidManifest.xml:26:13-72
243
244        <provider
244-->[com.google.firebase:firebase-common:20.0.0] AndroidManifest.xml:26:9-31:39
245            android:name="com.google.firebase.provider.FirebaseInitProvider"
245-->[com.google.firebase:firebase-common:20.0.0] AndroidManifest.xml:27:13-77
246            android:authorities="com.plcoding.spotifycloneyt.firebaseinitprovider"
246-->[com.google.firebase:firebase-common:20.0.0] AndroidManifest.xml:28:13-72
247            android:directBootAware="true"
247-->[com.google.firebase:firebase-common:20.0.0] AndroidManifest.xml:29:13-43
248            android:exported="false"
248-->[com.google.firebase:firebase-common:20.0.0] AndroidManifest.xml:30:13-37
249            android:initOrder="100" />
249-->[com.google.firebase:firebase-common:20.0.0] AndroidManifest.xml:31:13-36
250
251        <receiver
251-->[com.google.android.gms:play-services-measurement:19.0.0] AndroidManifest.xml:29:9-33:20
252            android:name="com.google.android.gms.measurement.AppMeasurementReceiver"
252-->[com.google.android.gms:play-services-measurement:19.0.0] AndroidManifest.xml:30:13-85
253            android:enabled="true"
253-->[com.google.android.gms:play-services-measurement:19.0.0] AndroidManifest.xml:31:13-35
254            android:exported="false" >
254-->[com.google.android.gms:play-services-measurement:19.0.0] AndroidManifest.xml:32:13-37
255        </receiver>
256
257        <service
257-->[com.google.android.gms:play-services-measurement:19.0.0] AndroidManifest.xml:35:9-38:40
258            android:name="com.google.android.gms.measurement.AppMeasurementService"
258-->[com.google.android.gms:play-services-measurement:19.0.0] AndroidManifest.xml:36:13-84
259            android:enabled="true"
259-->[com.google.android.gms:play-services-measurement:19.0.0] AndroidManifest.xml:37:13-35
260            android:exported="false" />
260-->[com.google.android.gms:play-services-measurement:19.0.0] AndroidManifest.xml:38:13-37
261        <service